<?xml version="1.0" encoding="UTF-8"?>
<!-- Generated by org.testng.reporters.JUnitReportReporter -->
<testsuite hostname="BlackPride" name="net.csthings.antreminder.websoc.WebScrapTest" tests="1" failures="0" timestamp="25 Jul 2016 05:45:38 GMT" time="0.008" errors="0">
  <testcase name="test" time="0.008" classname="net.csthings.antreminder.websoc.WebScrapTest"/>
</testsuite> <!-- net.csthings.antreminder.websoc.WebScrapTest -->
