<?xml version="1.0" encoding="UTF-8"?>
<!-- Generated by org.testng.reporters.JUnitReportReporter -->
<testsuite hostname="BlackPride" name="net.csthings.antreminder.websoc.WebScrapTest" tests="1" failures="0" timestamp="23 Jul 2016 19:23:33 GMT" time="1.150" errors="0">
  <testcase name="scrap1" time="1.150" classname="net.csthings.antreminder.websoc.WebScrapTest"/>
</testsuite> <!-- net.csthings.antreminder.websoc.WebScrapTest -->
