<?xml version="1.0" encoding="UTF-8"?>
<!-- Generated by org.testng.reporters.JUnitReportReporter -->
<testsuite hostname="BlackPride" name="net.csthings.antreminder.websoc.WebSocServiceTests" tests="1" failures="0" timestamp="26 Jul 2016 02:11:56 GMT" time="0.020" errors="0">
  <testcase name="basicWebSoc" time="0.020" classname="net.csthings.antreminder.websoc.WebSocServiceTests"/>
</testsuite> <!-- net.csthings.antreminder.websoc.WebSocServiceTests -->
