<?xml version="1.0" encoding="UTF-8"?>
<!-- Generated by org.testng.reporters.JUnitReportReporter -->
<testsuite hostname="Tolu" name="net.csthings.antreminder.websoc.WebScrapTest" tests="1" failures="0" timestamp="24 Jul 2016 04:39:07 GMT" time="1.464" errors="0">
  <testcase name="scrap1" time="1.464" classname="net.csthings.antreminder.websoc.WebScrapTest"/>
</testsuite> <!-- net.csthings.antreminder.websoc.WebScrapTest -->
