<?xml version="1.0" encoding="UTF-8"?>
<!-- Generated by org.testng.reporters.JUnitReportReporter -->
<testsuite hostname="BlackPride" name="net.csthings.antreminder.websoc.WebScrapTest" tests="1" failures="0" timestamp="26 Jul 2016 03:12:50 GMT" time="0.214" errors="0">
  <testcase name="tableElementTest" time="0.214" classname="net.csthings.antreminder.websoc.WebScrapTest"/>
</testsuite> <!-- net.csthings.antreminder.websoc.WebScrapTest -->
