<?xml version="1.0" encoding="UTF-8"?>
<!-- Generated by org.testng.reporters.JUnitReportReporter -->
<testsuite hostname="Tolu" name="net.csthings.antreminder.websoc.WebSocServiceTests" tests="1" failures="0" timestamp="27 Jul 2016 02:48:45 GMT" time="135.046" errors="0">
  <testcase name="dataTest" time="135.046" classname="net.csthings.antreminder.websoc.WebSocServiceTests"/>
</testsuite> <!-- net.csthings.antreminder.websoc.WebSocServiceTests -->
